Using pre-set license
Built from '2020.3/staging' branch; Version is '2020.3.24f1 (79c78de19888) revision 7980941'; Using compiler version '192528614'; Build Type 'Release'
OS: 'Windows 10  (10.0.19043) 64bit Professional' Language: 'es' Physical Memory: 16342 MB
BatchMode: 1, IsHumanControllingUs: 0, StartBugReporterOnCrash: 0, Is64bit: 1, IsPro: 0

COMMAND LINE ARGUMENTS:
C:\Program Files\Unity\Hub\Editor\2020.3.24f1\Editor\Unity.exe
-adb2
-batchMode
-noUpm
-name
AssetImportWorker7
-projectPath
D:/AlexBenejam/Proyectos_multimedia/SS/My project
-logFile
Logs/AssetImportWorker7.log
-srvPort
52693
Successfully changed project path to: D:/AlexBenejam/Proyectos_multimedia/SS/My project
D:/AlexBenejam/Proyectos_multimedia/SS/My project
Using Asset Import Pipeline V2.
